<?xml version="1.0" encoding="UTF-8"?>
<!-- Generated by org.testng.reporters.JUnitReportReporter -->
<testsuite skipped="0" hostname="UPLC" name="com.scripts.updateUser" tests="1" failures="0" timestamp="2020-06-27T21:10:55 IST" time="1.544" errors="0">
  <testcase name="updateUser" time="1.544" classname="com.scripts.updateUser"/>
  <system-out/>
</testsuite> <!-- com.scripts.updateUser -->
