<?xml version="1.0" encoding="UTF-8"?>
<!-- Generated by org.testng.reporters.JUnitReportReporter -->
<testsuite skipped="0" hostname="UPLC" name="com.scripts.LoginUser" tests="1" failures="0" timestamp="2020-06-28T17:17:47 IST" time="6.646" errors="0">
  <testcase name="login" time="6.646" classname="com.scripts.LoginUser"/>
  <system-out/>
</testsuite> <!-- com.scripts.LoginUser -->
