<?xml version="1.0" encoding="UTF-8"?>
<!-- Generated by org.testng.reporters.JUnitReportReporter -->
<testsuite skipped="0" hostname="UPLC" name="com.scripts.RegisterUser" tests="1" failures="0" timestamp="2020-06-12T11:37:45 IST" time="5.464" errors="0">
  <testcase name="register" time="5.464" classname="com.scripts.RegisterUser"/>
  <system-out/>
</testsuite> <!-- com.scripts.RegisterUser -->
