<?xml version="1.0" encoding="UTF-8"?>
<!-- Generated by org.testng.reporters.JUnitReportReporter -->
<testsuite skipped="0" hostname="UPLC" name="com.scripts.createUser" tests="1" failures="0" timestamp="2020-06-28T17:12:11 IST" time="6.820" errors="0">
  <testcase name="createusers" time="6.820" classname="com.scripts.createUser"/>
  <system-out/>
</testsuite> <!-- com.scripts.createUser -->
