<?xml version="1.0" encoding="UTF-8"?>
<!-- Generated by org.testng.reporters.JUnitReportReporter -->
<testsuite skipped="0" hostname="UPLC" name="com.scripts.createUser" tests="5" failures="0" timestamp="2020-06-12T11:37:45 IST" time="6.016" errors="0">
  <testcase name="createusers" time="1.068" classname="com.scripts.createUser"/>
  <system-out/>
  <testcase name="createusers" time="0.911" classname="com.scripts.createUser"/>
  <system-out/>
  <testcase name="createusers" time="1.953" classname="com.scripts.createUser"/>
  <system-out/>
  <testcase name="createusers" time="1.020" classname="com.scripts.createUser"/>
  <system-out/>
  <testcase name="createusers" time="1.064" classname="com.scripts.createUser"/>
  <system-out/>
</testsuite> <!-- com.scripts.createUser -->
