<?xml version="1.0" encoding="UTF-8"?>
<!-- Generated by org.testng.reporters.JUnitReportReporter -->
<testsuite skipped="0" hostname="UPLC" name="com.scripts.deleteUser" tests="1" failures="0" timestamp="2020-06-27T21:58:54 IST" time="1.030" errors="0">
  <testcase name="DeleteUser" time="1.030" classname="com.scripts.deleteUser"/>
  <system-out/>
</testsuite> <!-- com.scripts.deleteUser -->
