<?xml version="1.0" encoding="UTF-8"?>
<!-- Generated by org.testng.reporters.JUnitReportReporter -->
<testsuite skipped="0" hostname="UPLC" name="com.scripts.my" tests="3" failures="0" timestamp="2020-06-11T23:26:25 IST" time="0.033" errors="0">
  <testcase name="mine3" time="0.022" classname="com.scripts.my"/>
  <system-out/>
  <testcase name="mine" time="0.006" classname="com.scripts.my"/>
  <system-out/>
  <testcase name="mine2" time="0.005" classname="com.scripts.my"/>
  <system-out/>
</testsuite> <!-- com.scripts.my -->
