<?xml version="1.0" encoding="UTF-8"?>
<!-- Generated by org.testng.reporters.JUnitReportReporter -->
<testsuite skipped="0" hostname="UPLC" name="com.scripts.RegisterUser" tests="1" failures="0" timestamp="2020-06-27T22:10:57 IST" time="8.508" errors="0">
  <testcase name="register" time="8.508" classname="com.scripts.RegisterUser"/>
  <system-out/>
</testsuite> <!-- com.scripts.RegisterUser -->
