<?xml version="1.0" encoding="UTF-8"?>
<!-- Generated by org.testng.reporters.JUnitReportReporter -->
<testsuite skipped="0" hostname="UPLC" name="com.scripts.LoginUser" tests="1" failures="0" timestamp="2020-06-12T11:37:45 IST" time="1.084" errors="0">
  <testcase name="login" time="1.084" classname="com.scripts.LoginUser"/>
  <system-out/>
</testsuite> <!-- com.scripts.LoginUser -->
